{Undefined function or variable 'DP'.

Error in <a href="matlab:helpUtils.errorDocCallback('ex_15_7', 'D:\matematica\codigos_matlab\em\ex_15_7.m', 86)" style="font-weight:bold">ex_15_7</a> (<a href="matlab: opentoline('D:\matematica\codigos_matlab\em\ex_15_7.m',86,0)">line 86</a>)
[ND, NE, DP]
} 
ex_15_7

ans =

    21.0000e+000    25.0000e+000    15.0000e+000


ans =

     1.0000e+000     0.0000e+000     0.0000e+000     0.0000e+000
     2.0000e+000   200.0000e-003     0.0000e+000     0.0000e+000
     3.0000e+000   400.0000e-003     0.0000e+000     0.0000e+000
     4.0000e+000   600.0000e-003     0.0000e+000     0.0000e+000
     5.0000e+000   800.0000e-003     0.0000e+000     0.0000e+000
     6.0000e+000     1.0000e+000     0.0000e+000    50.0000e+000
     7.0000e+000     0.0000e+000   200.0000e-003     0.0000e+000
     8.0000e+000   200.0000e-003   200.0000e-003    20.1439e+000
     9.0000e+000   400.0000e-003   200.0000e-003    43.1655e+000
    10.0000e+000   600.0000e-003   200.0000e-003    60.7914e+000
    11.0000e+000   800.0000e-003   200.0000e-003   100.0000e+000
    12.0000e+000     0.0000e+000   400.0000e-003     0.0000e+000
    13.0000e+000   200.0000e-003   400.0000e-003    37.4101e+000
    14.0000e+000   400.0000e-003   400.0000e-003    70.1439e+000
    15.0000e+000   600.0000e-003   400.0000e-003   100.0000e+000
    16.0000e+000     0.0000e+000   600.0000e-003     0.0000e+000
    17.0000e+000   200.0000e-003   600.0000e-003    59.3525e+000
    18.0000e+000   400.0000e-003   600.0000e-003   100.0000e+000
    19.0000e+000     0.0000e+000   800.0000e-003     0.0000e+000
    20.0000e+000   200.0000e-003   800.0000e-003   100.0000e+000
    21.0000e+000     0.0000e+000     1.0000e+000    50.0000e+000


ans =

    21.0000e+000    25.0000e+000    15.0000e+000


ans =

     1.0000e+000     0.0000e+000     0.0000e+000     0.0000e+000
     2.0000e+000   200.0000e-003     0.0000e+000     0.0000e+000
     3.0000e+000   400.0000e-003     0.0000e+000     0.0000e+000
     4.0000e+000   600.0000e-003     0.0000e+000     0.0000e+000
     5.0000e+000   800.0000e-003     0.0000e+000     0.0000e+000
     6.0000e+000     1.0000e+000     0.0000e+000    50.0000e+000
     7.0000e+000     0.0000e+000   200.0000e-003     0.0000e+000
     8.0000e+000   200.0000e-003   200.0000e-003    18.1818e+000
     9.0000e+000   400.0000e-003   200.0000e-003    36.3636e+000
    10.0000e+000   600.0000e-003   200.0000e-003    59.0909e+000
    11.0000e+000   800.0000e-003   200.0000e-003   100.0000e+000
    12.0000e+000     0.0000e+000   400.0000e-003     0.0000e+000
    13.0000e+000   200.0000e-003   400.0000e-003    36.3636e+000
    14.0000e+000   400.0000e-003   400.0000e-003    68.1818e+000
    15.0000e+000   600.0000e-003   400.0000e-003   100.0000e+000
    16.0000e+000     0.0000e+000   600.0000e-003     0.0000e+000
    17.0000e+000   200.0000e-003   600.0000e-003    59.0909e+000
    18.0000e+000   400.0000e-003   600.0000e-003   100.0000e+000
    19.0000e+000     0.0000e+000   800.0000e-003     0.0000e+000
    20.0000e+000   200.0000e-003   800.0000e-003   100.0000e+000
    21.0000e+000     0.0000e+000     1.0000e+000    50.0000e+000

